<?xml version="1.0" encoding="UTF-8"?>
<testng-results skipped="0" failed="0" ignored="0" total="1" passed="1">
  <reporter-output>
  </reporter-output>
  <suite name="suite" duration-ms="137" started-at="2020-07-12T06:29:40Z" finished-at="2020-07-12T06:29:41Z">
    <groups>
    </groups>
    <test name="test" duration-ms="137" started-at="2020-07-12T06:29:40Z" finished-at="2020-07-12T06:29:41Z">
      <class name="com.test.ecli.Class2">
        <test-method status="PASS" signature="method1()[pri:0, instance:com.test.ecli.Class2@1810399e]" name="method1" duration-ms="42" started-at="2020-07-12T06:29:40Z" finished-at="2020-07-12T06:29:41Z">
          <reporter-output>
          </reporter-output>
        </test-method> <!-- method1 -->
      </class> <!-- com.test.ecli.Class2 -->
    </test> <!-- test -->
  </suite> <!-- suite -->
</testng-results>
